<?xml version="1.0" encoding="UTF-8"?>
<!-- Generated by org.testng.reporters.JUnitReportReporter -->
<testsuite skipped="0" hostname="DESKTOP-O82LSA4" name="TestApplication.NB_BuyProperty" tests="1" failures="0" timestamp="2020-09-12T08:39:45 IST" time="50.525" errors="0">
  <testcase name="LaunchHome" time="50.525" classname="TestApplication.NB_BuyProperty"/>
  <system-out/>
</testsuite> <!-- TestApplication.NB_BuyProperty -->
